Build started 22/12/2015 3:38:02 PM.
     1>Project "C:\Users\Vishesh\documents\visual studio 2015\Projects\Engine\EngineCore\EngineCore.vcxproj" on node 2 (Build target(s)).
     1>ClCompile:
         C:\Program Files (x86)\Microsoft Visual Studio 14.0\VC\bin\CL.exe /c /ZI /nologo /W3 /WX- /sdl- /Od /Oy- /D WIN32 /D _LIB /D FT2_BUILD_LIBRARY /D GLEW_STATIC /D _CRT_SECURE_NO_WARNINGS /D _CRT_NONSTDC_NO_DEPRECATE /D ENABLE_OPENAL /D _MBCS /Gm /EHsc /RTCu /MDd /GS /fp:precise /Zc:wchar_t /Zc:forScope /Zc:inline /Fo"C:\Users\Vishesh\documents\visual studio 2015\Projects\Engine\bin\Debug\Intermediate\\" /Fd"C:\Users\Vishesh\documents\visual studio 2015\Projects\Engine\bin\Debug\Intermediate\vc140.pdb" /Gd /TP /analyze- /errorReport:prompt Examples\game.cpp Examples\tilelayer.cpp Source\Components\Actor.cpp Source\Audio\sound.cpp Source\Audio\audiomanager.cpp Source\Components\csprite.cpp Source\Components\ctransform.cpp Source\Components\crigidbody.cpp Source\Graphics\batchrenderer2D.cpp Source\Graphics\Buffers\indexbuffer.cpp main.cpp Source\Graphics\Buffers\buffer.cpp Source\Graphics\Buffers\vertexarray.cpp Source\Graphics\Font.cpp Source\Graphics\fontmanager.cpp Source\Graphics\label.cpp Source\Graphics\Layers\group.cpp Source\Graphics\Layers\layer.cpp Source\Graphics\shader.cpp Source\Graphics\sprite.cpp Source\Graphics\texture.cpp Source\Graphics\window.cpp Source\Maths\mat4.cpp Source\Maths\Vec2.cpp Source\Maths\Vec3.cpp Source\Maths\Vec4.cpp Source\Physics\collider.cpp Source\Physics\rigidbody.cpp
         rigidbody.cpp
         collider.cpp
         Vec4.cpp
         Vec3.cpp
         Vec2.cpp
         mat4.cpp
         window.cpp
     1>c:\users\vishesh\documents\visual studio 2015\projects\engine\enginecore\source\graphics\window.cpp(120): warning C4244: 'argument': conversion from 'const double' to 'const float', possible loss of data
         texture.cpp
         sprite.cpp
         shader.cpp
         layer.cpp
         group.cpp
         label.cpp
         fontmanager.cpp
     1>c:\users\vishesh\documents\visual studio 2015\projects\engine\enginecore\source\graphics\fontmanager.cpp(30): warning C4018: '<': signed/unsigned mismatch
         Font.cpp
     1>c:\users\vishesh\documents\visual studio 2015\projects\engine\enginecore\source\graphics\font.cpp(9): warning C4244: 'argument': conversion from 'unsigned int' to 'const float', possible loss of data
         vertexarray.cpp
     1>c:\users\vishesh\documents\visual studio 2015\projects\engine\enginecore\source\graphics\buffers\vertexarray.cpp(10): warning C4018: '<': signed/unsigned mismatch
         buffer.cpp
         main.cpp
         indexbuffer.cpp
         batchrenderer2D.cpp
     1>c:\users\vishesh\documents\visual studio 2015\projects\engine\enginecore\source\graphics\batchrenderer2d.cpp(68): warning C4018: '<': signed/unsigned mismatch
     1>c:\users\vishesh\documents\visual studio 2015\projects\engine\enginecore\source\graphics\batchrenderer2d.cpp(91): warning C4018: '<': signed/unsigned mismatch
     1>c:\users\vishesh\documents\visual studio 2015\projects\engine\enginecore\source\graphics\batchrenderer2d.cpp(163): warning C4018: '<': signed/unsigned mismatch
     1>c:\users\vishesh\documents\visual studio 2015\projects\engine\enginecore\source\graphics\batchrenderer2d.cpp(213): warning C4018: '<': signed/unsigned mismatch
         Generating Code...
         Compiling...
         crigidbody.cpp
         ctransform.cpp
         csprite.cpp
         audiomanager.cpp
     1>c:\users\vishesh\documents\visual studio 2015\projects\engine\enginecore\source\audio\audiomanager.cpp(23): warning C4018: '<': signed/unsigned mismatch
         sound.cpp
         Actor.cpp
         tilelayer.cpp
         game.cpp
         Generating Code...
         C:\Program Files (x86)\Microsoft Visual Studio 14.0\VC\bin\CL.exe /c /ZI /nologo /W3 /WX- /sdl- /Od /Oy- /D WIN32 /D _LIB /D FT2_BUILD_LIBRARY /D GLEW_STATIC /D _CRT_SECURE_NO_WARNINGS /D _CRT_NONSTDC_NO_DEPRECATE /D ENABLE_OPENAL /D _MBCS /Gm /EHsc /RTCu /MDd /GS /fp:precise /Zc:wchar_t /Zc:forScope /Zc:inline /Fo"C:\Users\Vishesh\documents\visual studio 2015\Projects\Engine\bin\Debug\Intermediate\\" /Fd"C:\Users\Vishesh\documents\visual studio 2015\Projects\Engine\bin\Debug\Intermediate\vc140.pdb" /Gd /TC /analyze- /errorReport:prompt "Ext\FreeType-GL\platform.c" "Ext\FreeType-GL\texture-atlas.c" "Ext\FreeType-GL\texture-font.c" "Ext\FreeType-GL\vector.c" Ext\FreeType\src\autofit\autofit.c Ext\FreeType\src\base\ftbase.c Ext\FreeType\src\base\ftbbox.c Ext\FreeType\src\base\ftbitmap.c Ext\FreeType\src\base\ftdebug.c Ext\FreeType\src\base\ftfntfmt.c Ext\FreeType\src\base\ftfstype.c Ext\FreeType\src\base\ftgasp.c Ext\FreeType\src\base\ftglyph.c Ext\FreeType\src\base\ftgxval.c Ext\FreeType\src\base\ftinit.c Ext\FreeType\src\base\ftlcdfil.c Ext\FreeType\src\base\ftmm.c Ext\FreeType\src\base\ftotval.c Ext\FreeType\src\base\ftpatent.c Ext\FreeType\src\base\ftpfr.c Ext\FreeType\src\base\ftstroke.c Ext\FreeType\src\base\ftsynth.c Ext\FreeType\src\base\ftsystem.c Ext\FreeType\src\base\fttype1.c Ext\FreeType\src\base\ftwinfnt.c Ext\FreeType\src\bdf\bdf.c Ext\FreeType\src\cache\ftcache.c Ext\FreeType\src\cff\cff.c Ext\FreeType\src\cid\type1cid.c Ext\FreeType\src\gzip\ftgzip.c Ext\FreeType\src\lzw\ftlzw.c Ext\FreeType\src\pcf\pcf.c Ext\FreeType\src\pfr\pfr.c Ext\FreeType\src\psaux\psaux.c Ext\FreeType\src\pshinter\pshinter.c Ext\FreeType\src\psnames\psmodule.c Ext\FreeType\src\raster\raster.c Ext\FreeType\src\sfnt\sfnt.c Ext\FreeType\src\smooth\smooth.c Ext\FreeType\src\truetype\truetype.c Ext\FreeType\src\type1\type1.c Ext\FreeType\src\type42\type42.c Ext\FreeType\src\winfonts\winfnt.c Ext\GorillaAudio\src\common\gc_common.c Ext\GorillaAudio\src\common\gc_thread.c Ext\GorillaAudio\src\devices\ga_openal.c Ext\GorillaAudio\src\ga.c Ext\GorillaAudio\src\gau.c Ext\GorillaAudio\src\ga_stream.c
         ga_stream.c
         gau.c
         ga.c
         ga_openal.c
         gc_thread.c
         gc_common.c
         winfnt.c
         type42.c
         type1.c
         truetype.c
         smooth.c
         sfnt.c
         raster.c
         psmodule.c
         pshinter.c
         psaux.c
         pfr.c
         pcf.c
         ftlzw.c
         ftgzip.c
         Generating Code...
         Compiling...
         type1cid.c
         cff.c
         ftcache.c
         bdf.c
         ftwinfnt.c
         fttype1.c
         ftsystem.c
         ftsynth.c
         ftstroke.c
         ftpfr.c
         ftpatent.c
         ftotval.c
         ftmm.c
         ftlcdfil.c
         ftinit.c
         ftgxval.c
         ftglyph.c
         ftgasp.c
         ftfstype.c
         ftfntfmt.c
         Generating Code...
         Compiling...
         ftdebug.c
         ftbitmap.c
         ftbbox.c
         ftbase.c
         autofit.c
         vector.c
         texture-font.c
         texture-atlas.c
     1>c:\users\vishesh\documents\visual studio 2015\projects\engine\enginecore\ext\freetype-gl\texture-atlas.c(131): warning C4090: '=': different 'const' qualifiers
     1>c:\users\vishesh\documents\visual studio 2015\projects\engine\enginecore\ext\freetype-gl\texture-atlas.c(234): warning C4018: '<': signed/unsigned mismatch
         platform.c
         Generating Code...
       Link:
         C:\Program Files (x86)\Microsoft Visual Studio 14.0\VC\bin\link.exe /ERRORREPORT:PROMPT /OUT:"C:\Users\Vishesh\documents\visual studio 2015\Projects\Engine\bin\Debug\EngineCore.exe" /INCREMENTAL /NOLOGO LibVorbis.lib LibOgg.lib OpenAL32.lib freeimage.lib glfw3.lib opengl32.lib glew32s.lib kernel32.lib user32.lib kernel32.lib user32.lib gdi32.lib winspool.lib comdlg32.lib advapi32.lib shell32.lib ole32.lib oleaut32.lib uuid.lib odbc32.lib odbccp32.lib /MANIFEST /MANIFESTUAC:"level='asInvoker' uiAccess='false'" /manifest:embed /Debug /PDB:"C:\Users\Vishesh\documents\visual studio 2015\Projects\Engine\bin\Debug\EngineCore.pdb" /TLBID:1 /DYNAMICBASE /NXCOMPAT /IMPLIB:"C:\Users\Vishesh\documents\visual studio 2015\Projects\Engine\bin\Debug\EngineCore.lib" /MACHINE:X86 "C:\Users\Vishesh\documents\visual studio 2015\Projects\Engine\bin\Debug\Intermediate\game.obj"
         "C:\Users\Vishesh\documents\visual studio 2015\Projects\Engine\bin\Debug\Intermediate\tilelayer.obj"
         "C:\Users\Vishesh\documents\visual studio 2015\Projects\Engine\bin\Debug\Intermediate\platform.obj"
         "C:\Users\Vishesh\documents\visual studio 2015\Projects\Engine\bin\Debug\Intermediate\texture-atlas.obj"
         "C:\Users\Vishesh\documents\visual studio 2015\Projects\Engine\bin\Debug\Intermediate\texture-font.obj"
         "C:\Users\Vishesh\documents\visual studio 2015\Projects\Engine\bin\Debug\Intermediate\vector.obj"
         "C:\Users\Vishesh\documents\visual studio 2015\Projects\Engine\bin\Debug\Intermediate\autofit.obj"
         "C:\Users\Vishesh\documents\visual studio 2015\Projects\Engine\bin\Debug\Intermediate\ftbase.obj"
         "C:\Users\Vishesh\documents\visual studio 2015\Projects\Engine\bin\Debug\Intermediate\ftbbox.obj"
         "C:\Users\Vishesh\documents\visual studio 2015\Projects\Engine\bin\Debug\Intermediate\ftbitmap.obj"
         "C:\Users\Vishesh\documents\visual studio 2015\Projects\Engine\bin\Debug\Intermediate\ftdebug.obj"
         "C:\Users\Vishesh\documents\visual studio 2015\Projects\Engine\bin\Debug\Intermediate\ftfntfmt.obj"
         "C:\Users\Vishesh\documents\visual studio 2015\Projects\Engine\bin\Debug\Intermediate\ftfstype.obj"
         "C:\Users\Vishesh\documents\visual studio 2015\Projects\Engine\bin\Debug\Intermediate\ftgasp.obj"
         "C:\Users\Vishesh\documents\visual studio 2015\Projects\Engine\bin\Debug\Intermediate\ftglyph.obj"
         "C:\Users\Vishesh\documents\visual studio 2015\Projects\Engine\bin\Debug\Intermediate\ftgxval.obj"
         "C:\Users\Vishesh\documents\visual studio 2015\Projects\Engine\bin\Debug\Intermediate\ftinit.obj"
         "C:\Users\Vishesh\documents\visual studio 2015\Projects\Engine\bin\Debug\Intermediate\ftlcdfil.obj"
         "C:\Users\Vishesh\documents\visual studio 2015\Projects\Engine\bin\Debug\Intermediate\ftmm.obj"
         "C:\Users\Vishesh\documents\visual studio 2015\Projects\Engine\bin\Debug\Intermediate\ftotval.obj"
         "C:\Users\Vishesh\documents\visual studio 2015\Projects\Engine\bin\Debug\Intermediate\ftpatent.obj"
         "C:\Users\Vishesh\documents\visual studio 2015\Projects\Engine\bin\Debug\Intermediate\ftpfr.obj"
         "C:\Users\Vishesh\documents\visual studio 2015\Projects\Engine\bin\Debug\Intermediate\ftstroke.obj"
         "C:\Users\Vishesh\documents\visual studio 2015\Projects\Engine\bin\Debug\Intermediate\ftsynth.obj"
         "C:\Users\Vishesh\documents\visual studio 2015\Projects\Engine\bin\Debug\Intermediate\ftsystem.obj"
         "C:\Users\Vishesh\documents\visual studio 2015\Projects\Engine\bin\Debug\Intermediate\fttype1.obj"
         "C:\Users\Vishesh\documents\visual studio 2015\Projects\Engine\bin\Debug\Intermediate\ftwinfnt.obj"
         "C:\Users\Vishesh\documents\visual studio 2015\Projects\Engine\bin\Debug\Intermediate\bdf.obj"
         "C:\Users\Vishesh\documents\visual studio 2015\Projects\Engine\bin\Debug\Intermediate\ftcache.obj"
         "C:\Users\Vishesh\documents\visual studio 2015\Projects\Engine\bin\Debug\Intermediate\cff.obj"
         "C:\Users\Vishesh\documents\visual studio 2015\Projects\Engine\bin\Debug\Intermediate\type1cid.obj"
         "C:\Users\Vishesh\documents\visual studio 2015\Projects\Engine\bin\Debug\Intermediate\ftgzip.obj"
         "C:\Users\Vishesh\documents\visual studio 2015\Projects\Engine\bin\Debug\Intermediate\ftlzw.obj"
         "C:\Users\Vishesh\documents\visual studio 2015\Projects\Engine\bin\Debug\Intermediate\pcf.obj"
         "C:\Users\Vishesh\documents\visual studio 2015\Projects\Engine\bin\Debug\Intermediate\pfr.obj"
         "C:\Users\Vishesh\documents\visual studio 2015\Projects\Engine\bin\Debug\Intermediate\psaux.obj"
         "C:\Users\Vishesh\documents\visual studio 2015\Projects\Engine\bin\Debug\Intermediate\pshinter.obj"
         "C:\Users\Vishesh\documents\visual studio 2015\Projects\Engine\bin\Debug\Intermediate\psmodule.obj"
         "C:\Users\Vishesh\documents\visual studio 2015\Projects\Engine\bin\Debug\Intermediate\raster.obj"
         "C:\Users\Vishesh\documents\visual studio 2015\Projects\Engine\bin\Debug\Intermediate\sfnt.obj"
         "C:\Users\Vishesh\documents\visual studio 2015\Projects\Engine\bin\Debug\Intermediate\smooth.obj"
         "C:\Users\Vishesh\documents\visual studio 2015\Projects\Engine\bin\Debug\Intermediate\truetype.obj"
         "C:\Users\Vishesh\documents\visual studio 2015\Projects\Engine\bin\Debug\Intermediate\type1.obj"
         "C:\Users\Vishesh\documents\visual studio 2015\Projects\Engine\bin\Debug\Intermediate\type42.obj"
         "C:\Users\Vishesh\documents\visual studio 2015\Projects\Engine\bin\Debug\Intermediate\winfnt.obj"
         "C:\Users\Vishesh\documents\visual studio 2015\Projects\Engine\bin\Debug\Intermediate\gc_common.obj"
         "C:\Users\Vishesh\documents\visual studio 2015\Projects\Engine\bin\Debug\Intermediate\gc_thread.obj"
         "C:\Users\Vishesh\documents\visual studio 2015\Projects\Engine\bin\Debug\Intermediate\ga_openal.obj"
         "C:\Users\Vishesh\documents\visual studio 2015\Projects\Engine\bin\Debug\Intermediate\ga.obj"
         "C:\Users\Vishesh\documents\visual studio 2015\Projects\Engine\bin\Debug\Intermediate\gau.obj"
         "C:\Users\Vishesh\documents\visual studio 2015\Projects\Engine\bin\Debug\Intermediate\ga_stream.obj"
         "C:\Users\Vishesh\documents\visual studio 2015\Projects\Engine\bin\Debug\Intermediate\Actor.obj"
         "C:\Users\Vishesh\documents\visual studio 2015\Projects\Engine\bin\Debug\Intermediate\sound.obj"
         "C:\Users\Vishesh\documents\visual studio 2015\Projects\Engine\bin\Debug\Intermediate\audiomanager.obj"
         "C:\Users\Vishesh\documents\visual studio 2015\Projects\Engine\bin\Debug\Intermediate\csprite.obj"
         "C:\Users\Vishesh\documents\visual studio 2015\Projects\Engine\bin\Debug\Intermediate\ctransform.obj"
         "C:\Users\Vishesh\documents\visual studio 2015\Projects\Engine\bin\Debug\Intermediate\crigidbody.obj"
         "C:\Users\Vishesh\documents\visual studio 2015\Projects\Engine\bin\Debug\Intermediate\batchrenderer2D.obj"
         "C:\Users\Vishesh\documents\visual studio 2015\Projects\Engine\bin\Debug\Intermediate\indexbuffer.obj"
         "C:\Users\Vishesh\documents\visual studio 2015\Projects\Engine\bin\Debug\Intermediate\main.obj"
         "C:\Users\Vishesh\documents\visual studio 2015\Projects\Engine\bin\Debug\Intermediate\buffer.obj"
         "C:\Users\Vishesh\documents\visual studio 2015\Projects\Engine\bin\Debug\Intermediate\vertexarray.obj"
         "C:\Users\Vishesh\documents\visual studio 2015\Projects\Engine\bin\Debug\Intermediate\Font.obj"
         "C:\Users\Vishesh\documents\visual studio 2015\Projects\Engine\bin\Debug\Intermediate\fontmanager.obj"
         "C:\Users\Vishesh\documents\visual studio 2015\Projects\Engine\bin\Debug\Intermediate\label.obj"
         "C:\Users\Vishesh\documents\visual studio 2015\Projects\Engine\bin\Debug\Intermediate\group.obj"
         "C:\Users\Vishesh\documents\visual studio 2015\Projects\Engine\bin\Debug\Intermediate\layer.obj"
         "C:\Users\Vishesh\documents\visual studio 2015\Projects\Engine\bin\Debug\Intermediate\shader.obj"
         "C:\Users\Vishesh\documents\visual studio 2015\Projects\Engine\bin\Debug\Intermediate\sprite.obj"
         "C:\Users\Vishesh\documents\visual studio 2015\Projects\Engine\bin\Debug\Intermediate\texture.obj"
         "C:\Users\Vishesh\documents\visual studio 2015\Projects\Engine\bin\Debug\Intermediate\window.obj"
         "C:\Users\Vishesh\documents\visual studio 2015\Projects\Engine\bin\Debug\Intermediate\mat4.obj"
         "C:\Users\Vishesh\documents\visual studio 2015\Projects\Engine\bin\Debug\Intermediate\Vec2.obj"
         "C:\Users\Vishesh\documents\visual studio 2015\Projects\Engine\bin\Debug\Intermediate\Vec3.obj"
         "C:\Users\Vishesh\documents\visual studio 2015\Projects\Engine\bin\Debug\Intermediate\Vec4.obj"
         "C:\Users\Vishesh\documents\visual studio 2015\Projects\Engine\bin\Debug\Intermediate\collider.obj"
         "C:\Users\Vishesh\documents\visual studio 2015\Projects\Engine\bin\Debug\Intermediate\rigidbody.obj"
         LibVorbis.lib(vorbisfile.obj) : MSIL .netmodule or module compiled with /GL found; restarting link with /LTCG; add /LTCG to the link command line to improve linker performance
     1>LINK : warning LNK4075: ignoring '/INCREMENTAL' due to '/LTCG' specification
     1>game.obj : warning LNK4075: ignoring '/EDITANDCONTINUE' due to '/OPT:LBR' specification
     1>LINK : warning LNK4098: defaultlib 'MSVCRT' conflicts with use of other libs; use /NODEFAULTLIB:library
     1>LINK : warning LNK4098: defaultlib 'LIBCMT' conflicts with use of other libs; use /NODEFAULTLIB:library
         Generating code
         Finished generating code
     1>glew32s.lib(glew.obj) : warning LNK4099: PDB 'vc120.pdb' was not found with 'glew32s.lib(glew.obj)' or at 'C:\Users\Vishesh\documents\visual studio 2015\Projects\Engine\bin\Debug\vc120.pdb'; linking object as if no debug info
         EngineCore.vcxproj -> C:\Users\Vishesh\documents\visual studio 2015\Projects\Engine\bin\Debug\EngineCore.exe
     1>Done Building Project "C:\Users\Vishesh\documents\visual studio 2015\Projects\Engine\EngineCore\EngineCore.vcxproj" (Build target(s)).

Build succeeded.

Time Elapsed 00:00:33.23
