c:\users\vishesh\documents\visual studio 2015\projects\engine\bin\debug\intermediate\vc140.pdb
c:\users\vishesh\documents\visual studio 2015\projects\engine\bin\debug\intermediate\vc140.idb
c:\users\vishesh\documents\visual studio 2015\projects\engine\bin\debug\intermediate\batchrenderer2d.obj
c:\users\vishesh\documents\visual studio 2015\projects\engine\bin\debug\intermediate\indexbuffer.obj
c:\users\vishesh\documents\visual studio 2015\projects\engine\bin\debug\intermediate\main.obj
c:\users\vishesh\documents\visual studio 2015\projects\engine\bin\debug\intermediate\buffer.obj
c:\users\vishesh\documents\visual studio 2015\projects\engine\bin\debug\intermediate\vertexarray.obj
c:\users\vishesh\documents\visual studio 2015\projects\engine\bin\debug\intermediate\font.obj
c:\users\vishesh\documents\visual studio 2015\projects\engine\bin\debug\intermediate\fontmanager.obj
c:\users\vishesh\documents\visual studio 2015\projects\engine\bin\debug\intermediate\label.obj
c:\users\vishesh\documents\visual studio 2015\projects\engine\bin\debug\intermediate\group.obj
c:\users\vishesh\documents\visual studio 2015\projects\engine\bin\debug\intermediate\layer.obj
c:\users\vishesh\documents\visual studio 2015\projects\engine\bin\debug\intermediate\shader.obj
c:\users\vishesh\documents\visual studio 2015\projects\engine\bin\debug\intermediate\sprite.obj
c:\users\vishesh\documents\visual studio 2015\projects\engine\bin\debug\intermediate\texture.obj
c:\users\vishesh\documents\visual studio 2015\projects\engine\bin\debug\intermediate\window.obj
c:\users\vishesh\documents\visual studio 2015\projects\engine\bin\debug\intermediate\mat4.obj
c:\users\vishesh\documents\visual studio 2015\projects\engine\bin\debug\intermediate\vec2.obj
c:\users\vishesh\documents\visual studio 2015\projects\engine\bin\debug\intermediate\vec3.obj
c:\users\vishesh\documents\visual studio 2015\projects\engine\bin\debug\intermediate\vec4.obj
c:\users\vishesh\documents\visual studio 2015\projects\engine\bin\debug\intermediate\tilelayer.obj
c:\users\vishesh\documents\visual studio 2015\projects\engine\bin\debug\intermediate\sound.obj
c:\users\vishesh\documents\visual studio 2015\projects\engine\bin\debug\intermediate\audiomanager.obj
c:\users\vishesh\documents\visual studio 2015\projects\engine\bin\debug\intermediate\game.obj
c:\users\vishesh\documents\visual studio 2015\projects\engine\bin\debug\intermediate\actor.obj
c:\users\vishesh\documents\visual studio 2015\projects\engine\bin\debug\intermediate\csprite.obj
c:\users\vishesh\documents\visual studio 2015\projects\engine\bin\debug\intermediate\ctransform.obj
c:\users\vishesh\documents\visual studio 2015\projects\engine\bin\debug\intermediate\ftgzip.obj
c:\users\vishesh\documents\visual studio 2015\projects\engine\bin\debug\intermediate\ftlzw.obj
c:\users\vishesh\documents\visual studio 2015\projects\engine\bin\debug\intermediate\pcf.obj
c:\users\vishesh\documents\visual studio 2015\projects\engine\bin\debug\intermediate\pfr.obj
c:\users\vishesh\documents\visual studio 2015\projects\engine\bin\debug\intermediate\psaux.obj
c:\users\vishesh\documents\visual studio 2015\projects\engine\bin\debug\intermediate\pshinter.obj
c:\users\vishesh\documents\visual studio 2015\projects\engine\bin\debug\intermediate\psmodule.obj
c:\users\vishesh\documents\visual studio 2015\projects\engine\bin\debug\intermediate\raster.obj
c:\users\vishesh\documents\visual studio 2015\projects\engine\bin\debug\intermediate\sfnt.obj
c:\users\vishesh\documents\visual studio 2015\projects\engine\bin\debug\intermediate\smooth.obj
c:\users\vishesh\documents\visual studio 2015\projects\engine\bin\debug\intermediate\truetype.obj
c:\users\vishesh\documents\visual studio 2015\projects\engine\bin\debug\intermediate\type1.obj
c:\users\vishesh\documents\visual studio 2015\projects\engine\bin\debug\intermediate\type42.obj
c:\users\vishesh\documents\visual studio 2015\projects\engine\bin\debug\intermediate\winfnt.obj
c:\users\vishesh\documents\visual studio 2015\projects\engine\bin\debug\intermediate\gc_common.obj
c:\users\vishesh\documents\visual studio 2015\projects\engine\bin\debug\intermediate\gc_thread.obj
c:\users\vishesh\documents\visual studio 2015\projects\engine\bin\debug\intermediate\ga_openal.obj
c:\users\vishesh\documents\visual studio 2015\projects\engine\bin\debug\intermediate\ga.obj
c:\users\vishesh\documents\visual studio 2015\projects\engine\bin\debug\intermediate\gau.obj
c:\users\vishesh\documents\visual studio 2015\projects\engine\bin\debug\intermediate\ga_stream.obj
c:\users\vishesh\documents\visual studio 2015\projects\engine\bin\debug\intermediate\ftfntfmt.obj
c:\users\vishesh\documents\visual studio 2015\projects\engine\bin\debug\intermediate\ftfstype.obj
c:\users\vishesh\documents\visual studio 2015\projects\engine\bin\debug\intermediate\ftgasp.obj
c:\users\vishesh\documents\visual studio 2015\projects\engine\bin\debug\intermediate\ftglyph.obj
c:\users\vishesh\documents\visual studio 2015\projects\engine\bin\debug\intermediate\ftgxval.obj
c:\users\vishesh\documents\visual studio 2015\projects\engine\bin\debug\intermediate\ftinit.obj
c:\users\vishesh\documents\visual studio 2015\projects\engine\bin\debug\intermediate\ftlcdfil.obj
c:\users\vishesh\documents\visual studio 2015\projects\engine\bin\debug\intermediate\ftmm.obj
c:\users\vishesh\documents\visual studio 2015\projects\engine\bin\debug\intermediate\ftotval.obj
c:\users\vishesh\documents\visual studio 2015\projects\engine\bin\debug\intermediate\ftpatent.obj
c:\users\vishesh\documents\visual studio 2015\projects\engine\bin\debug\intermediate\ftpfr.obj
c:\users\vishesh\documents\visual studio 2015\projects\engine\bin\debug\intermediate\ftstroke.obj
c:\users\vishesh\documents\visual studio 2015\projects\engine\bin\debug\intermediate\ftsynth.obj
c:\users\vishesh\documents\visual studio 2015\projects\engine\bin\debug\intermediate\ftsystem.obj
c:\users\vishesh\documents\visual studio 2015\projects\engine\bin\debug\intermediate\fttype1.obj
c:\users\vishesh\documents\visual studio 2015\projects\engine\bin\debug\intermediate\ftwinfnt.obj
c:\users\vishesh\documents\visual studio 2015\projects\engine\bin\debug\intermediate\bdf.obj
c:\users\vishesh\documents\visual studio 2015\projects\engine\bin\debug\intermediate\ftcache.obj
c:\users\vishesh\documents\visual studio 2015\projects\engine\bin\debug\intermediate\cff.obj
c:\users\vishesh\documents\visual studio 2015\projects\engine\bin\debug\intermediate\type1cid.obj
c:\users\vishesh\documents\visual studio 2015\projects\engine\bin\debug\intermediate\platform.obj
c:\users\vishesh\documents\visual studio 2015\projects\engine\bin\debug\intermediate\texture-atlas.obj
c:\users\vishesh\documents\visual studio 2015\projects\engine\bin\debug\intermediate\texture-font.obj
c:\users\vishesh\documents\visual studio 2015\projects\engine\bin\debug\intermediate\vector.obj
c:\users\vishesh\documents\visual studio 2015\projects\engine\bin\debug\intermediate\autofit.obj
c:\users\vishesh\documents\visual studio 2015\projects\engine\bin\debug\intermediate\ftbase.obj
c:\users\vishesh\documents\visual studio 2015\projects\engine\bin\debug\intermediate\ftbbox.obj
c:\users\vishesh\documents\visual studio 2015\projects\engine\bin\debug\intermediate\ftbitmap.obj
c:\users\vishesh\documents\visual studio 2015\projects\engine\bin\debug\intermediate\ftdebug.obj
c:\users\vishesh\documents\visual studio 2015\projects\engine\bin\debug\intermediate\crigidbody.obj
c:\users\vishesh\documents\visual studio 2015\projects\engine\bin\debug\intermediate\rigidbody.obj
c:\users\vishesh\documents\visual studio 2015\projects\engine\bin\debug\intermediate\collider.obj
c:\users\vishesh\documents\visual studio 2015\projects\engine\bin\debug\enginecore.exe
c:\users\vishesh\documents\visual studio 2015\projects\engine\bin\debug\enginecore.pdb
c:\users\vishesh\documents\visual studio 2015\projects\engine\bin\debug\intermediate\enginecore.tlog\cl.command.1.tlog
c:\users\vishesh\documents\visual studio 2015\projects\engine\bin\debug\intermediate\enginecore.tlog\cl.read.1.tlog
c:\users\vishesh\documents\visual studio 2015\projects\engine\bin\debug\intermediate\enginecore.tlog\cl.write.1.tlog
c:\users\vishesh\documents\visual studio 2015\projects\engine\bin\debug\intermediate\enginecore.tlog\link.command.1.tlog
c:\users\vishesh\documents\visual studio 2015\projects\engine\bin\debug\intermediate\enginecore.tlog\link.read.1.tlog
c:\users\vishesh\documents\visual studio 2015\projects\engine\bin\debug\intermediate\enginecore.tlog\link.write.1.tlog
