c:\users\vishesh\documents\visual studio 2015\projects\engine\bin\release\intermediate\vc140.pdb
c:\users\vishesh\documents\visual studio 2015\projects\engine\bin\release\intermediate\main.obj
c:\users\vishesh\documents\visual studio 2015\projects\engine\bin\release\intermediate\mat4.obj
c:\users\vishesh\documents\visual studio 2015\projects\engine\bin\release\intermediate\staticsprite.obj
c:\users\vishesh\documents\visual studio 2015\projects\engine\bin\release\intermediate\sprite.obj
c:\users\vishesh\documents\visual studio 2015\projects\engine\bin\release\intermediate\simplerenderer2d.obj
c:\users\vishesh\documents\visual studio 2015\projects\engine\bin\release\intermediate\batchrenderer2d.obj
c:\users\vishesh\documents\visual studio 2015\projects\engine\bin\release\intermediate\tilelayer.obj
c:\users\vishesh\documents\visual studio 2015\projects\engine\bin\release\intermediate\layer.obj
c:\users\vishesh\documents\visual studio 2015\projects\engine\bin\release\intermediate\group.obj
c:\users\vishesh\documents\visual studio 2015\projects\engine\bin\release\intermediate\vec4.obj
c:\users\vishesh\documents\visual studio 2015\projects\engine\bin\release\intermediate\window.obj
c:\users\vishesh\documents\visual studio 2015\projects\engine\bin\release\intermediate\shader.obj
c:\users\vishesh\documents\visual studio 2015\projects\engine\bin\release\intermediate\ftlcdfil.obj
c:\users\vishesh\documents\visual studio 2015\projects\engine\bin\release\intermediate\ftinit.obj
c:\users\vishesh\documents\visual studio 2015\projects\engine\bin\release\intermediate\ftgxval.obj
c:\users\vishesh\documents\visual studio 2015\projects\engine\bin\release\intermediate\ftglyph.obj
c:\users\vishesh\documents\visual studio 2015\projects\engine\bin\release\intermediate\ftgloadr.obj
c:\users\vishesh\documents\visual studio 2015\projects\engine\bin\release\intermediate\ftgasp.obj
c:\users\vishesh\documents\visual studio 2015\projects\engine\bin\release\intermediate\ftfstype.obj
c:\users\vishesh\documents\visual studio 2015\projects\engine\bin\release\intermediate\ftfntfmt.obj
c:\users\vishesh\documents\visual studio 2015\projects\engine\bin\release\intermediate\ftdebug.obj
c:\users\vishesh\documents\visual studio 2015\projects\engine\bin\release\intermediate\ftdbgmem.obj
c:\users\vishesh\documents\visual studio 2015\projects\engine\bin\release\intermediate\ftcid.obj
c:\users\vishesh\documents\visual studio 2015\projects\engine\bin\release\intermediate\ftcalc.obj
c:\users\vishesh\documents\visual studio 2015\projects\engine\bin\release\intermediate\ftbitmap.obj
c:\users\vishesh\documents\visual studio 2015\projects\engine\bin\release\intermediate\ftbdf.obj
c:\users\vishesh\documents\visual studio 2015\projects\engine\bin\release\intermediate\ftbbox.obj
c:\users\vishesh\documents\visual studio 2015\projects\engine\bin\release\intermediate\ftbase.obj
c:\users\vishesh\documents\visual studio 2015\projects\engine\bin\release\intermediate\ftapi.obj
c:\users\vishesh\documents\visual studio 2015\projects\engine\bin\release\intermediate\ftadvanc.obj
c:\users\vishesh\documents\visual studio 2015\projects\engine\bin\release\intermediate\basepic.obj
c:\users\vishesh\documents\visual studio 2015\projects\engine\bin\release\intermediate\md5.obj
c:\users\vishesh\documents\visual studio 2015\projects\engine\bin\release\intermediate\ftwinfnt.obj
c:\users\vishesh\documents\visual studio 2015\projects\engine\bin\release\intermediate\ftutil.obj
c:\users\vishesh\documents\visual studio 2015\projects\engine\bin\release\intermediate\fttype1.obj
c:\users\vishesh\documents\visual studio 2015\projects\engine\bin\release\intermediate\fttrigon.obj
c:\users\vishesh\documents\visual studio 2015\projects\engine\bin\release\intermediate\ftsystem.obj
c:\users\vishesh\documents\visual studio 2015\projects\engine\bin\release\intermediate\ftsynth.obj
c:\users\vishesh\documents\visual studio 2015\projects\engine\bin\release\intermediate\ftstroke.obj
c:\users\vishesh\documents\visual studio 2015\projects\engine\bin\release\intermediate\ftstream.obj
c:\users\vishesh\documents\visual studio 2015\projects\engine\bin\release\intermediate\ftsnames.obj
c:\users\vishesh\documents\visual studio 2015\projects\engine\bin\release\intermediate\ftrfork.obj
c:\users\vishesh\documents\visual studio 2015\projects\engine\bin\release\intermediate\ftpic.obj
c:\users\vishesh\documents\visual studio 2015\projects\engine\bin\release\intermediate\ftpfr.obj
c:\users\vishesh\documents\visual studio 2015\projects\engine\bin\release\intermediate\ftpatent.obj
c:\users\vishesh\documents\visual studio 2015\projects\engine\bin\release\intermediate\ftoutln.obj
c:\users\vishesh\documents\visual studio 2015\projects\engine\bin\release\intermediate\ftotval.obj
c:\users\vishesh\documents\visual studio 2015\projects\engine\bin\release\intermediate\ftobjs.obj
c:\users\vishesh\documents\visual studio 2015\projects\engine\bin\release\intermediate\ftmm.obj
c:\users\vishesh\documents\visual studio 2015\projects\engine\bin\release\intermediate\autofit.obj
c:\users\vishesh\documents\visual studio 2015\projects\engine\bin\release\intermediate\vector.obj
c:\users\vishesh\documents\visual studio 2015\projects\engine\bin\release\intermediate\texture-font.obj
c:\users\vishesh\documents\visual studio 2015\projects\engine\bin\release\intermediate\texture-atlas.obj
c:\users\vishesh\documents\visual studio 2015\projects\engine\bin\release\intermediate\platform.obj
c:\users\vishesh\documents\visual studio 2015\projects\engine\bin\release\intermediate\truetype.obj
c:\users\vishesh\documents\visual studio 2015\projects\engine\bin\release\intermediate\smooth.obj
c:\users\vishesh\documents\visual studio 2015\projects\engine\bin\release\intermediate\sfnt.obj
c:\users\vishesh\documents\visual studio 2015\projects\engine\bin\release\intermediate\raster.obj
c:\users\vishesh\documents\visual studio 2015\projects\engine\bin\release\intermediate\psmodule.obj
c:\users\vishesh\documents\visual studio 2015\projects\engine\bin\release\intermediate\pshinter.obj
c:\users\vishesh\documents\visual studio 2015\projects\engine\bin\release\intermediate\psaux.obj
c:\users\vishesh\documents\visual studio 2015\projects\engine\bin\release\intermediate\pfr.obj
c:\users\vishesh\documents\visual studio 2015\projects\engine\bin\release\intermediate\pcf.obj
c:\users\vishesh\documents\visual studio 2015\projects\engine\bin\release\intermediate\ftlzw.obj
c:\users\vishesh\documents\visual studio 2015\projects\engine\bin\release\intermediate\ftgzip.obj
c:\users\vishesh\documents\visual studio 2015\projects\engine\bin\release\intermediate\type1cid.obj
c:\users\vishesh\documents\visual studio 2015\projects\engine\bin\release\intermediate\cff.obj
c:\users\vishesh\documents\visual studio 2015\projects\engine\bin\release\intermediate\ftcache.obj
c:\users\vishesh\documents\visual studio 2015\projects\engine\bin\release\intermediate\bdf.obj
c:\users\vishesh\documents\visual studio 2015\projects\engine\bin\release\intermediate\winfnt.obj
c:\users\vishesh\documents\visual studio 2015\projects\engine\bin\release\intermediate\type42.obj
c:\users\vishesh\documents\visual studio 2015\projects\engine\bin\release\intermediate\type1.obj
c:\users\vishesh\documents\visual studio 2015\projects\engine\bin\release\intermediate\vec3.obj
c:\users\vishesh\documents\visual studio 2015\projects\engine\bin\release\intermediate\vec2.obj
c:\users\vishesh\documents\visual studio 2015\projects\engine\bin\release\intermediate\texture.obj
c:\users\vishesh\documents\visual studio 2015\projects\engine\bin\release\intermediate\vertexarray.obj
c:\users\vishesh\documents\visual studio 2015\projects\engine\bin\release\intermediate\buffer.obj
c:\users\vishesh\documents\visual studio 2015\projects\engine\bin\release\intermediate\indexbuffer.obj
c:\users\vishesh\documents\visual studio 2015\projects\engine\bin\release\intermediate\label.obj
c:\users\vishesh\documents\visual studio 2015\projects\engine\bin\release\enginecore.exe
c:\users\vishesh\documents\visual studio 2015\projects\engine\bin\release\enginecore.ipdb
c:\users\vishesh\documents\visual studio 2015\projects\engine\bin\release\enginecore.iobj
c:\users\vishesh\documents\visual studio 2015\projects\engine\bin\release\enginecore.pdb
c:\users\vishesh\documents\visual studio 2015\projects\engine\bin\release\intermediate\enginecore.tlog\cl.command.1.tlog
c:\users\vishesh\documents\visual studio 2015\projects\engine\bin\release\intermediate\enginecore.tlog\cl.read.1.tlog
c:\users\vishesh\documents\visual studio 2015\projects\engine\bin\release\intermediate\enginecore.tlog\cl.write.1.tlog
c:\users\vishesh\documents\visual studio 2015\projects\engine\bin\release\intermediate\enginecore.tlog\link.command.1.tlog
c:\users\vishesh\documents\visual studio 2015\projects\engine\bin\release\intermediate\enginecore.tlog\link.read.1.tlog
c:\users\vishesh\documents\visual studio 2015\projects\engine\bin\release\intermediate\enginecore.tlog\link.write.1.tlog
