Build started 2/01/2016 2:06:32 AM.
     1>Project "C:\Users\agntf\Documents\Visual Studio 2015\Projects\Engine\EngineCore\EngineCore.vcxproj" on node 2 (Build target(s)).
     1>ClCompile:
         C:\Program Files (x86)\Microsoft Visual Studio 14.0\VC\bin\CL.exe /c /Zi /nologo /W3 /WX- /sdl- /O2 /Ob0 /Oi /Ot /Oy- /GL /D WIN32 /D _LIB /D FT2_BUILD_LIBRARY /D GLEW_STATIC /D _CRT_SECURE_NO_WARNINGS /D _CRT_NONSTDC_NO_DEPRECATE /D ENABLE_OPENAL /D _MBCS /D _MBCS /Gm- /EHsc /MD /GS /Gy /arch:SSE2 /fp:fast /Zc:wchar_t /Zc:forScope /Zc:inline /Fo"C:\Users\agntf\Documents\Visual Studio 2015\Projects\Engine\bin\Release\Intermediate\\" /Fd"C:\Users\agntf\Documents\Visual Studio 2015\Projects\Engine\bin\Release\Intermediate\vc140.pdb" /Gd /TP /analyze- /errorReport:prompt Examples\cinput.cpp Examples\game.cpp Examples\tilelayer.cpp Ext\TinyXML\tinyxml2.cpp Source\Components\Actor.cpp Source\Audio\sound.cpp Source\Audio\audiomanager.cpp Source\Components\actorfactory.cpp Source\Components\ccollider.cpp Source\Components\csprite.cpp Source\Components\ctransform.cpp Source\Components\crigidbody.cpp Source\Components\scene.cpp Source\Graphics\batchrenderer2D.cpp Source\Graphics\Buffers\indexbuffer.cpp main.cpp Source\Graphics\Buffers\buffer.cpp Source\Graphics\Buffers\vertexarray.cpp Source\Graphics\Font.cpp Source\Graphics\fontmanager.cpp Source\Graphics\label.cpp Source\Graphics\Layers\group.cpp Source\Graphics\Layers\layer.cpp Source\Graphics\shader.cpp Source\Graphics\sprite.cpp Source\Graphics\texture.cpp Source\Graphics\texturemanager.cpp Source\Graphics\window.cpp Source\Maths\mat4.cpp Source\Maths\Vec2.cpp Source\Maths\Vec3.cpp Source\Maths\Vec4.cpp Source\Physics\collider.cpp Source\Physics\physicsmanager.cpp Source\Physics\rigidbody.cpp
         cinput.cpp
     1>c:\users\agntf\documents\visual studio 2015\projects\engine\enginecore\source\graphics\../Maths/Maths.h(27): warning C4244: 'return': conversion from 'int' to 'float', possible loss of data
     1>c:\users\agntf\documents\visual studio 2015\projects\engine\enginecore\source\input\../Graphics/window.h(19): warning C4091: 'static ': ignored on left of 'engine::input::Input' when no variable is declared
     1>c:\users\agntf\documents\visual studio 2015\projects\engine\enginecore\examples\../Source/Input/input.h(15): warning C4091: 'static ': ignored on left of 'engine::input::Input' when no variable is declared
     1>c:\users\agntf\documents\visual studio 2015\projects\engine\enginecore\source\components\actorfactory.h(25): warning C4091: 'static ': ignored on left of 'engine::component::ActorFactory' when no variable is declared
         game.cpp
     1>c:\users\agntf\documents\visual studio 2015\projects\engine\enginecore\source\graphics\../Maths/Maths.h(27): warning C4244: 'return': conversion from 'int' to 'float', possible loss of data
     1>c:\users\agntf\documents\visual studio 2015\projects\engine\enginecore\source\Graphics/window.h(19): warning C4091: 'static ': ignored on left of 'engine::input::Input' when no variable is declared
     1>c:\users\agntf\documents\visual studio 2015\projects\engine\enginecore\source\Input/input.h(15): warning C4091: 'static ': ignored on left of 'engine::input::Input' when no variable is declared
     1>c:\users\agntf\documents\visual studio 2015\projects\engine\enginecore\source\components\actorfactory.h(25): warning C4091: 'static ': ignored on left of 'engine::component::ActorFactory' when no variable is declared
         tilelayer.cpp
     1>c:\users\agntf\documents\visual studio 2015\projects\engine\enginecore\source\graphics\../Maths/Maths.h(27): warning C4244: 'return': conversion from 'int' to 'float', possible loss of data
         tinyxml2.cpp
         Actor.cpp
     1>c:\users\agntf\documents\visual studio 2015\projects\engine\enginecore\source\graphics\../Maths/Maths.h(27): warning C4244: 'return': conversion from 'int' to 'float', possible loss of data
     1>c:\users\agntf\documents\visual studio 2015\projects\engine\enginecore\source\components\actorfactory.h(25): warning C4091: 'static ': ignored on left of 'engine::component::ActorFactory' when no variable is declared
         sound.cpp
         audiomanager.cpp
     1>Source\Audio\audiomanager.cpp(23): warning C4018: '<': signed/unsigned mismatch
         actorfactory.cpp
     1>c:\users\agntf\documents\visual studio 2015\projects\engine\enginecore\source\graphics\../Maths/Maths.h(27): warning C4244: 'return': conversion from 'int' to 'float', possible loss of data
     1>c:\users\agntf\documents\visual studio 2015\projects\engine\enginecore\source\components\actorfactory.h(25): warning C4091: 'static ': ignored on left of 'engine::component::ActorFactory' when no variable is declared
         ccollider.cpp
     1>c:\users\agntf\documents\visual studio 2015\projects\engine\enginecore\source\graphics\../Maths/Maths.h(27): warning C4244: 'return': conversion from 'int' to 'float', possible loss of data
     1>c:\users\agntf\documents\visual studio 2015\projects\engine\enginecore\source\components\actorfactory.h(25): warning C4091: 'static ': ignored on left of 'engine::component::ActorFactory' when no variable is declared
         csprite.cpp
     1>c:\users\agntf\documents\visual studio 2015\projects\engine\enginecore\source\graphics\../Maths/Maths.h(27): warning C4244: 'return': conversion from 'int' to 'float', possible loss of data
     1>c:\users\agntf\documents\visual studio 2015\projects\engine\enginecore\source\components\actorfactory.h(25): warning C4091: 'static ': ignored on left of 'engine::component::ActorFactory' when no variable is declared
     1>Source\Components\csprite.cpp(13): warning C4101: 'texPath': unreferenced local variable
         ctransform.cpp
     1>c:\users\agntf\documents\visual studio 2015\projects\engine\enginecore\source\components\../Maths/Maths.h(27): warning C4244: 'return': conversion from 'int' to 'float', possible loss of data
     1>c:\users\agntf\documents\visual studio 2015\projects\engine\enginecore\source\components\actorfactory.h(25): warning C4091: 'static ': ignored on left of 'engine::component::ActorFactory' when no variable is declared
         crigidbody.cpp
     1>c:\users\agntf\documents\visual studio 2015\projects\engine\enginecore\source\graphics\../Maths/Maths.h(27): warning C4244: 'return': conversion from 'int' to 'float', possible loss of data
     1>c:\users\agntf\documents\visual studio 2015\projects\engine\enginecore\source\components\actorfactory.h(25): warning C4091: 'static ': ignored on left of 'engine::component::ActorFactory' when no variable is declared
         scene.cpp
     1>c:\users\agntf\documents\visual studio 2015\projects\engine\enginecore\source\graphics\../Maths/Maths.h(27): warning C4244: 'return': conversion from 'int' to 'float', possible loss of data
     1>Source\Components\scene.cpp(12): warning C4018: '<': signed/unsigned mismatch
         batchrenderer2D.cpp
     1>c:\users\agntf\documents\visual studio 2015\projects\engine\enginecore\source\graphics\../Maths/Maths.h(27): warning C4244: 'return': conversion from 'int' to 'float', possible loss of data
     1>Source\Graphics\batchrenderer2D.cpp(68): warning C4018: '<': signed/unsigned mismatch
     1>Source\Graphics\batchrenderer2D.cpp(91): warning C4018: '<': signed/unsigned mismatch
     1>Source\Graphics\batchrenderer2D.cpp(163): warning C4018: '<': signed/unsigned mismatch
     1>Source\Graphics\batchrenderer2D.cpp(213): warning C4018: '<': signed/unsigned mismatch
         indexbuffer.cpp
         main.cpp
     1>c:\users\agntf\documents\visual studio 2015\projects\engine\enginecore\Source/Maths/maths.h(27): warning C4244: 'return': conversion from 'int' to 'float', possible loss of data
     1>c:\users\agntf\documents\visual studio 2015\projects\engine\enginecore\Source/Graphics/window.h(19): warning C4091: 'static ': ignored on left of 'engine::input::Input' when no variable is declared
         buffer.cpp
         vertexarray.cpp
     1>Source\Graphics\Buffers\vertexarray.cpp(10): warning C4018: '<': signed/unsigned mismatch
         Font.cpp
     1>Source\Graphics\Font.cpp(9): warning C4244: 'argument': conversion from 'unsigned int' to 'const float', possible loss of data
         fontmanager.cpp
     1>c:\users\agntf\documents\visual studio 2015\projects\engine\enginecore\source\graphics\../Maths/Maths.h(27): warning C4244: 'return': conversion from 'int' to 'float', possible loss of data
     1>Source\Graphics\fontmanager.cpp(30): warning C4018: '<': signed/unsigned mismatch
         Compiling...
         label.cpp
     1>c:\users\agntf\documents\visual studio 2015\projects\engine\enginecore\source\graphics\../Maths/Maths.h(27): warning C4244: 'return': conversion from 'int' to 'float', possible loss of data
         group.cpp
     1>c:\users\agntf\documents\visual studio 2015\projects\engine\enginecore\source\graphics\../Maths/Maths.h(27): warning C4244: 'return': conversion from 'int' to 'float', possible loss of data
         layer.cpp
     1>c:\users\agntf\documents\visual studio 2015\projects\engine\enginecore\source\graphics\../Maths/Maths.h(27): warning C4244: 'return': conversion from 'int' to 'float', possible loss of data
         shader.cpp
     1>c:\users\agntf\documents\visual studio 2015\projects\engine\enginecore\source\graphics\../Maths/Maths.h(27): warning C4244: 'return': conversion from 'int' to 'float', possible loss of data
         sprite.cpp
     1>c:\users\agntf\documents\visual studio 2015\projects\engine\enginecore\source\graphics\../Maths/Maths.h(27): warning C4244: 'return': conversion from 'int' to 'float', possible loss of data
         texture.cpp
         texturemanager.cpp
     1>c:\users\agntf\documents\visual studio 2015\projects\engine\enginecore\source\graphics\../Maths/Maths.h(27): warning C4244: 'return': conversion from 'int' to 'float', possible loss of data
     1>Source\Graphics\texturemanager.cpp(21): warning C4018: '<': signed/unsigned mismatch
         window.cpp
     1>c:\users\agntf\documents\visual studio 2015\projects\engine\enginecore\source\graphics\../Maths/Maths.h(27): warning C4244: 'return': conversion from 'int' to 'float', possible loss of data
     1>c:\users\agntf\documents\visual studio 2015\projects\engine\enginecore\source\graphics\window.h(19): warning C4091: 'static ': ignored on left of 'engine::input::Input' when no variable is declared
     1>Source\Graphics\window.cpp(137): warning C4244: 'argument': conversion from 'const double' to 'const float', possible loss of data
         mat4.cpp
     1>c:\users\agntf\documents\visual studio 2015\projects\engine\enginecore\source\maths\maths.h(27): warning C4244: 'return': conversion from 'int' to 'float', possible loss of data
         Vec2.cpp
         Vec3.cpp
         Vec4.cpp
         collider.cpp
     1>c:\users\agntf\documents\visual studio 2015\projects\engine\enginecore\source\physics\../Maths/Maths.h(27): warning C4244: 'return': conversion from 'int' to 'float', possible loss of data
         physicsmanager.cpp
     1>c:\users\agntf\documents\visual studio 2015\projects\engine\enginecore\source\physics\../Maths/Maths.h(27): warning C4244: 'return': conversion from 'int' to 'float', possible loss of data
     1>Source\Physics\physicsmanager.cpp(19): warning C4018: '<': signed/unsigned mismatch
         rigidbody.cpp
     1>c:\users\agntf\documents\visual studio 2015\projects\engine\enginecore\source\physics\../Maths/Maths.h(27): warning C4244: 'return': conversion from 'int' to 'float', possible loss of data
         C:\Program Files (x86)\Microsoft Visual Studio 14.0\VC\bin\CL.exe /c /Zi /nologo /W3 /WX- /sdl- /O2 /Ob0 /Oi /Ot /Oy- /GL /D WIN32 /D _LIB /D FT2_BUILD_LIBRARY /D GLEW_STATIC /D _CRT_SECURE_NO_WARNINGS /D _CRT_NONSTDC_NO_DEPRECATE /D ENABLE_OPENAL /D _MBCS /D _MBCS /Gm- /EHsc /MD /GS /Gy /arch:SSE2 /fp:fast /Zc:wchar_t /Zc:forScope /Zc:inline /Fo"C:\Users\agntf\Documents\Visual Studio 2015\Projects\Engine\bin\Release\Intermediate\\" /Fd"C:\Users\agntf\Documents\Visual Studio 2015\Projects\Engine\bin\Release\Intermediate\vc140.pdb" /Gd /TC /analyze- /errorReport:prompt "Ext\FreeType-GL\platform.c" "Ext\FreeType-GL\texture-atlas.c" "Ext\FreeType-GL\texture-font.c" "Ext\FreeType-GL\vector.c" Ext\FreeType\src\autofit\autofit.c Ext\FreeType\src\base\ftbase.c Ext\FreeType\src\base\ftbbox.c Ext\FreeType\src\base\ftbitmap.c Ext\FreeType\src\base\ftdebug.c Ext\FreeType\src\base\ftfntfmt.c Ext\FreeType\src\base\ftfstype.c Ext\FreeType\src\base\ftgasp.c Ext\FreeType\src\base\ftglyph.c Ext\FreeType\src\base\ftgxval.c Ext\FreeType\src\base\ftinit.c Ext\FreeType\src\base\ftlcdfil.c Ext\FreeType\src\base\ftmm.c Ext\FreeType\src\base\ftotval.c Ext\FreeType\src\base\ftpatent.c Ext\FreeType\src\base\ftpfr.c Ext\FreeType\src\base\ftstroke.c Ext\FreeType\src\base\ftsynth.c Ext\FreeType\src\base\ftsystem.c Ext\FreeType\src\base\fttype1.c Ext\FreeType\src\base\ftwinfnt.c Ext\FreeType\src\bdf\bdf.c Ext\FreeType\src\cache\ftcache.c Ext\FreeType\src\cff\cff.c Ext\FreeType\src\cid\type1cid.c Ext\FreeType\src\gzip\ftgzip.c Ext\FreeType\src\lzw\ftlzw.c Ext\FreeType\src\pcf\pcf.c Ext\FreeType\src\pfr\pfr.c Ext\FreeType\src\psaux\psaux.c Ext\FreeType\src\pshinter\pshinter.c Ext\FreeType\src\psnames\psmodule.c Ext\FreeType\src\raster\raster.c Ext\FreeType\src\sfnt\sfnt.c Ext\FreeType\src\smooth\smooth.c Ext\FreeType\src\truetype\truetype.c Ext\FreeType\src\type1\type1.c Ext\FreeType\src\type42\type42.c Ext\FreeType\src\winfonts\winfnt.c Ext\GorillaAudio\src\common\gc_common.c Ext\GorillaAudio\src\common\gc_thread.c Ext\GorillaAudio\src\devices\ga_openal.c Ext\GorillaAudio\src\ga.c Ext\GorillaAudio\src\gau.c Ext\GorillaAudio\src\ga_stream.c
         platform.c
         texture-atlas.c
     1>Ext\FreeType-GL\texture-atlas.c(131): warning C4090: '=': different 'const' qualifiers
     1>Ext\FreeType-GL\texture-atlas.c(234): warning C4018: '<': signed/unsigned mismatch
         texture-font.c
         vector.c
         autofit.c
         ftbase.c
         ftbbox.c
         ftbitmap.c
         ftdebug.c
         ftfntfmt.c
         ftfstype.c
         ftgasp.c
         ftglyph.c
         ftgxval.c
         ftinit.c
         ftlcdfil.c
         ftmm.c
         ftotval.c
         ftpatent.c
         ftpfr.c
         Compiling...
         ftstroke.c
         ftsynth.c
         ftsystem.c
         fttype1.c
         ftwinfnt.c
         bdf.c
         ftcache.c
         cff.c
         type1cid.c
         ftgzip.c
         ftlzw.c
         pcf.c
         pfr.c
         psaux.c
         pshinter.c
         psmodule.c
         raster.c
         sfnt.c
         smooth.c
         truetype.c
         Compiling...
         type1.c
         type42.c
         winfnt.c
         gc_common.c
         gc_thread.c
         ga_openal.c
         ga.c
         gau.c
         ga_stream.c
       Link:
         C:\Program Files (x86)\Microsoft Visual Studio 14.0\VC\bin\link.exe /ERRORREPORT:PROMPT /OUT:"C:\Users\agntf\Documents\Visual Studio 2015\Projects\Engine\bin\Release\EngineCore.exe" /NOLOGO LibVorbis.lib LibOgg.lib freeimage.lib glfw3.lib opengl32.lib glew32s.lib kernel32.lib user32.lib OpenAL32.lib gdi32.lib winspool.lib comdlg32.lib advapi32.lib shell32.lib ole32.lib oleaut32.lib uuid.lib odbc32.lib odbccp32.lib kernel32.lib user32.lib gdi32.lib winspool.lib comdlg32.lib advapi32.lib shell32.lib ole32.lib oleaut32.lib uuid.lib odbc32.lib odbccp32.lib /MANIFEST /MANIFESTUAC:"level='asInvoker' uiAccess='false'" /manifest:embed /Debug /PDB:"C:\Users\agntf\Documents\Visual Studio 2015\Projects\Engine\bin\Release\EngineCore.pdb" /OPT:REF /OPT:ICF /LTCG:incremental /TLBID:1 /DYNAMICBASE /NXCOMPAT /IMPLIB:"C:\Users\agntf\Documents\Visual Studio 2015\Projects\Engine\bin\Release\EngineCore.lib" /MACHINE:X86 /SAFESEH "C:\Users\agntf\Documents\Visual Studio 2015\Projects\Engine\bin\Release\Intermediate\cinput.obj"
         "C:\Users\agntf\Documents\Visual Studio 2015\Projects\Engine\bin\Release\Intermediate\game.obj"
         "C:\Users\agntf\Documents\Visual Studio 2015\Projects\Engine\bin\Release\Intermediate\tilelayer.obj"
         "C:\Users\agntf\Documents\Visual Studio 2015\Projects\Engine\bin\Release\Intermediate\platform.obj"
         "C:\Users\agntf\Documents\Visual Studio 2015\Projects\Engine\bin\Release\Intermediate\texture-atlas.obj"
         "C:\Users\agntf\Documents\Visual Studio 2015\Projects\Engine\bin\Release\Intermediate\texture-font.obj"
         "C:\Users\agntf\Documents\Visual Studio 2015\Projects\Engine\bin\Release\Intermediate\vector.obj"
         "C:\Users\agntf\Documents\Visual Studio 2015\Projects\Engine\bin\Release\Intermediate\autofit.obj"
         "C:\Users\agntf\Documents\Visual Studio 2015\Projects\Engine\bin\Release\Intermediate\ftbase.obj"
         "C:\Users\agntf\Documents\Visual Studio 2015\Projects\Engine\bin\Release\Intermediate\ftbbox.obj"
         "C:\Users\agntf\Documents\Visual Studio 2015\Projects\Engine\bin\Release\Intermediate\ftbitmap.obj"
         "C:\Users\agntf\Documents\Visual Studio 2015\Projects\Engine\bin\Release\Intermediate\ftdebug.obj"
         "C:\Users\agntf\Documents\Visual Studio 2015\Projects\Engine\bin\Release\Intermediate\ftfntfmt.obj"
         "C:\Users\agntf\Documents\Visual Studio 2015\Projects\Engine\bin\Release\Intermediate\ftfstype.obj"
         "C:\Users\agntf\Documents\Visual Studio 2015\Projects\Engine\bin\Release\Intermediate\ftgasp.obj"
         "C:\Users\agntf\Documents\Visual Studio 2015\Projects\Engine\bin\Release\Intermediate\ftglyph.obj"
         "C:\Users\agntf\Documents\Visual Studio 2015\Projects\Engine\bin\Release\Intermediate\ftgxval.obj"
         "C:\Users\agntf\Documents\Visual Studio 2015\Projects\Engine\bin\Release\Intermediate\ftinit.obj"
         "C:\Users\agntf\Documents\Visual Studio 2015\Projects\Engine\bin\Release\Intermediate\ftlcdfil.obj"
         "C:\Users\agntf\Documents\Visual Studio 2015\Projects\Engine\bin\Release\Intermediate\ftmm.obj"
         "C:\Users\agntf\Documents\Visual Studio 2015\Projects\Engine\bin\Release\Intermediate\ftotval.obj"
         "C:\Users\agntf\Documents\Visual Studio 2015\Projects\Engine\bin\Release\Intermediate\ftpatent.obj"
         "C:\Users\agntf\Documents\Visual Studio 2015\Projects\Engine\bin\Release\Intermediate\ftpfr.obj"
         "C:\Users\agntf\Documents\Visual Studio 2015\Projects\Engine\bin\Release\Intermediate\ftstroke.obj"
         "C:\Users\agntf\Documents\Visual Studio 2015\Projects\Engine\bin\Release\Intermediate\ftsynth.obj"
         "C:\Users\agntf\Documents\Visual Studio 2015\Projects\Engine\bin\Release\Intermediate\ftsystem.obj"
         "C:\Users\agntf\Documents\Visual Studio 2015\Projects\Engine\bin\Release\Intermediate\fttype1.obj"
         "C:\Users\agntf\Documents\Visual Studio 2015\Projects\Engine\bin\Release\Intermediate\ftwinfnt.obj"
         "C:\Users\agntf\Documents\Visual Studio 2015\Projects\Engine\bin\Release\Intermediate\bdf.obj"
         "C:\Users\agntf\Documents\Visual Studio 2015\Projects\Engine\bin\Release\Intermediate\ftcache.obj"
         "C:\Users\agntf\Documents\Visual Studio 2015\Projects\Engine\bin\Release\Intermediate\cff.obj"
         "C:\Users\agntf\Documents\Visual Studio 2015\Projects\Engine\bin\Release\Intermediate\type1cid.obj"
         "C:\Users\agntf\Documents\Visual Studio 2015\Projects\Engine\bin\Release\Intermediate\ftgzip.obj"
         "C:\Users\agntf\Documents\Visual Studio 2015\Projects\Engine\bin\Release\Intermediate\ftlzw.obj"
         "C:\Users\agntf\Documents\Visual Studio 2015\Projects\Engine\bin\Release\Intermediate\pcf.obj"
         "C:\Users\agntf\Documents\Visual Studio 2015\Projects\Engine\bin\Release\Intermediate\pfr.obj"
         "C:\Users\agntf\Documents\Visual Studio 2015\Projects\Engine\bin\Release\Intermediate\psaux.obj"
         "C:\Users\agntf\Documents\Visual Studio 2015\Projects\Engine\bin\Release\Intermediate\pshinter.obj"
         "C:\Users\agntf\Documents\Visual Studio 2015\Projects\Engine\bin\Release\Intermediate\psmodule.obj"
         "C:\Users\agntf\Documents\Visual Studio 2015\Projects\Engine\bin\Release\Intermediate\raster.obj"
         "C:\Users\agntf\Documents\Visual Studio 2015\Projects\Engine\bin\Release\Intermediate\sfnt.obj"
         "C:\Users\agntf\Documents\Visual Studio 2015\Projects\Engine\bin\Release\Intermediate\smooth.obj"
         "C:\Users\agntf\Documents\Visual Studio 2015\Projects\Engine\bin\Release\Intermediate\truetype.obj"
         "C:\Users\agntf\Documents\Visual Studio 2015\Projects\Engine\bin\Release\Intermediate\type1.obj"
         "C:\Users\agntf\Documents\Visual Studio 2015\Projects\Engine\bin\Release\Intermediate\type42.obj"
         "C:\Users\agntf\Documents\Visual Studio 2015\Projects\Engine\bin\Release\Intermediate\winfnt.obj"
         "C:\Users\agntf\Documents\Visual Studio 2015\Projects\Engine\bin\Release\Intermediate\gc_common.obj"
         "C:\Users\agntf\Documents\Visual Studio 2015\Projects\Engine\bin\Release\Intermediate\gc_thread.obj"
         "C:\Users\agntf\Documents\Visual Studio 2015\Projects\Engine\bin\Release\Intermediate\ga_openal.obj"
         "C:\Users\agntf\Documents\Visual Studio 2015\Projects\Engine\bin\Release\Intermediate\ga.obj"
         "C:\Users\agntf\Documents\Visual Studio 2015\Projects\Engine\bin\Release\Intermediate\gau.obj"
         "C:\Users\agntf\Documents\Visual Studio 2015\Projects\Engine\bin\Release\Intermediate\ga_stream.obj"
         "C:\Users\agntf\Documents\Visual Studio 2015\Projects\Engine\bin\Release\Intermediate\tinyxml2.obj"
         "C:\Users\agntf\Documents\Visual Studio 2015\Projects\Engine\bin\Release\Intermediate\Actor.obj"
         "C:\Users\agntf\Documents\Visual Studio 2015\Projects\Engine\bin\Release\Intermediate\sound.obj"
         "C:\Users\agntf\Documents\Visual Studio 2015\Projects\Engine\bin\Release\Intermediate\audiomanager.obj"
         "C:\Users\agntf\Documents\Visual Studio 2015\Projects\Engine\bin\Release\Intermediate\actorfactory.obj"
         "C:\Users\agntf\Documents\Visual Studio 2015\Projects\Engine\bin\Release\Intermediate\ccollider.obj"
         "C:\Users\agntf\Documents\Visual Studio 2015\Projects\Engine\bin\Release\Intermediate\csprite.obj"
         "C:\Users\agntf\Documents\Visual Studio 2015\Projects\Engine\bin\Release\Intermediate\ctransform.obj"
         "C:\Users\agntf\Documents\Visual Studio 2015\Projects\Engine\bin\Release\Intermediate\crigidbody.obj"
         "C:\Users\agntf\Documents\Visual Studio 2015\Projects\Engine\bin\Release\Intermediate\scene.obj"
         "C:\Users\agntf\Documents\Visual Studio 2015\Projects\Engine\bin\Release\Intermediate\batchrenderer2D.obj"
         "C:\Users\agntf\Documents\Visual Studio 2015\Projects\Engine\bin\Release\Intermediate\indexbuffer.obj"
         "C:\Users\agntf\Documents\Visual Studio 2015\Projects\Engine\bin\Release\Intermediate\main.obj"
         "C:\Users\agntf\Documents\Visual Studio 2015\Projects\Engine\bin\Release\Intermediate\buffer.obj"
         "C:\Users\agntf\Documents\Visual Studio 2015\Projects\Engine\bin\Release\Intermediate\vertexarray.obj"
         "C:\Users\agntf\Documents\Visual Studio 2015\Projects\Engine\bin\Release\Intermediate\Font.obj"
         "C:\Users\agntf\Documents\Visual Studio 2015\Projects\Engine\bin\Release\Intermediate\fontmanager.obj"
         "C:\Users\agntf\Documents\Visual Studio 2015\Projects\Engine\bin\Release\Intermediate\label.obj"
         "C:\Users\agntf\Documents\Visual Studio 2015\Projects\Engine\bin\Release\Intermediate\group.obj"
         "C:\Users\agntf\Documents\Visual Studio 2015\Projects\Engine\bin\Release\Intermediate\layer.obj"
         "C:\Users\agntf\Documents\Visual Studio 2015\Projects\Engine\bin\Release\Intermediate\shader.obj"
         "C:\Users\agntf\Documents\Visual Studio 2015\Projects\Engine\bin\Release\Intermediate\sprite.obj"
         "C:\Users\agntf\Documents\Visual Studio 2015\Projects\Engine\bin\Release\Intermediate\texture.obj"
         "C:\Users\agntf\Documents\Visual Studio 2015\Projects\Engine\bin\Release\Intermediate\texturemanager.obj"
         "C:\Users\agntf\Documents\Visual Studio 2015\Projects\Engine\bin\Release\Intermediate\window.obj"
         "C:\Users\agntf\Documents\Visual Studio 2015\Projects\Engine\bin\Release\Intermediate\mat4.obj"
         "C:\Users\agntf\Documents\Visual Studio 2015\Projects\Engine\bin\Release\Intermediate\Vec2.obj"
         "C:\Users\agntf\Documents\Visual Studio 2015\Projects\Engine\bin\Release\Intermediate\Vec3.obj"
         "C:\Users\agntf\Documents\Visual Studio 2015\Projects\Engine\bin\Release\Intermediate\Vec4.obj"
         "C:\Users\agntf\Documents\Visual Studio 2015\Projects\Engine\bin\Release\Intermediate\collider.obj"
         "C:\Users\agntf\Documents\Visual Studio 2015\Projects\Engine\bin\Release\Intermediate\physicsmanager.obj"
         "C:\Users\agntf\Documents\Visual Studio 2015\Projects\Engine\bin\Release\Intermediate\rigidbody.obj"
     1>LINK : warning LNK4098: defaultlib 'LIBCMT' conflicts with use of other libs; use /NODEFAULTLIB:library
         Generating code
     1>c:\users\agntf\documents\visual studio 2015\projects\engine\enginecore\source\components\ccollider.cpp(51): warning C4715: 'engine::component::CCollider::CreateFromXML': not all control paths return a value
         3287 of 3449 functions (95.3%) were compiled, the rest were copied from previous compilation.
           0 functions were new in current compilation
           2 functions had inline decision re-evaluated but remain unchanged
         Finished generating code
     1>glew32s.lib(glew.obj) : warning LNK4099: PDB 'vc120.pdb' was not found with 'glew32s.lib(glew.obj)' or at 'C:\Users\agntf\Documents\Visual Studio 2015\Projects\Engine\bin\Release\vc120.pdb'; linking object as if no debug info
         EngineCore.vcxproj -> C:\Users\agntf\Documents\Visual Studio 2015\Projects\Engine\bin\Release\EngineCore.exe
     1>Done Building Project "C:\Users\agntf\Documents\Visual Studio 2015\Projects\Engine\EngineCore\EngineCore.vcxproj" (Build target(s)).

Build succeeded.

Time Elapsed 00:00:37.76
