c:\users\vishesh\documents\visual studio 2015\projects\engine\libvorbis\debug\vc140.pdb
c:\users\vishesh\documents\visual studio 2015\projects\engine\libvorbis\debug\vc140.idb
c:\users\vishesh\documents\visual studio 2015\projects\engine\libvorbis\debug\libvorbis.pdb
c:\users\vishesh\documents\visual studio 2015\projects\engine\libvorbis\debug\libvorbis.idb
c:\users\vishesh\documents\visual studio 2015\projects\engine\libvorbis\debug\mapping0.obj
c:\users\vishesh\documents\visual studio 2015\projects\engine\libvorbis\debug\sharedbook.obj
c:\users\vishesh\documents\visual studio 2015\projects\engine\libvorbis\debug\bitrate.obj
c:\users\vishesh\documents\visual studio 2015\projects\engine\libvorbis\debug\block.obj
c:\users\vishesh\documents\visual studio 2015\projects\engine\libvorbis\debug\envelope.obj
c:\users\vishesh\documents\visual studio 2015\projects\engine\libvorbis\debug\floor0.obj
c:\users\vishesh\documents\visual studio 2015\projects\engine\libvorbis\debug\floor1.obj
c:\users\vishesh\documents\visual studio 2015\projects\engine\libvorbis\debug\info.obj
c:\users\vishesh\documents\visual studio 2015\projects\engine\libvorbis\debug\lookup.obj
c:\users\vishesh\documents\visual studio 2015\projects\engine\libvorbis\debug\lpc.obj
c:\users\vishesh\documents\visual studio 2015\projects\engine\libvorbis\debug\lsp.obj
c:\users\vishesh\documents\visual studio 2015\projects\engine\libvorbis\debug\mdct.obj
c:\users\vishesh\documents\visual studio 2015\projects\engine\libvorbis\debug\psy.obj
c:\users\vishesh\documents\visual studio 2015\projects\engine\libvorbis\debug\registry.obj
c:\users\vishesh\documents\visual studio 2015\projects\engine\libvorbis\debug\res0.obj
c:\users\vishesh\documents\visual studio 2015\projects\engine\libvorbis\debug\smallft.obj
c:\users\vishesh\documents\visual studio 2015\projects\engine\libvorbis\debug\synthesis.obj
c:\users\vishesh\documents\visual studio 2015\projects\engine\libvorbis\debug\vorbisenc.obj
c:\users\vishesh\documents\visual studio 2015\projects\engine\libvorbis\debug\vorbisfile.obj
c:\users\vishesh\documents\visual studio 2015\projects\engine\libvorbis\debug\window.obj
c:\users\vishesh\documents\visual studio 2015\projects\engine\libvorbis\debug\analysis.obj
c:\users\vishesh\documents\visual studio 2015\projects\engine\libvorbis\debug\tone.obj
c:\users\vishesh\documents\visual studio 2015\projects\engine\libvorbis\debug\codebook.obj
c:\users\vishesh\documents\visual studio 2015\projects\engine\debug\libvorbis.lib
c:\users\vishesh\documents\visual studio 2015\projects\engine\debug\libvorbis.pdb
c:\users\vishesh\documents\visual studio 2015\projects\engine\libvorbis\debug\libvorbis.tlog\cl.command.1.tlog
c:\users\vishesh\documents\visual studio 2015\projects\engine\libvorbis\debug\libvorbis.tlog\cl.read.1.tlog
c:\users\vishesh\documents\visual studio 2015\projects\engine\libvorbis\debug\libvorbis.tlog\cl.write.1.tlog
c:\users\vishesh\documents\visual studio 2015\projects\engine\libvorbis\debug\libvorbis.tlog\lib-link.read.1.tlog
c:\users\vishesh\documents\visual studio 2015\projects\engine\libvorbis\debug\libvorbis.tlog\lib-link.write.1.tlog
c:\users\vishesh\documents\visual studio 2015\projects\engine\libvorbis\debug\libvorbis.tlog\lib.command.1.tlog
