Build started 24/12/2015 10:06:34 AM.
     1>Project "C:\Users\agntf\Documents\Visual Studio 2015\Projects\Engine\LibVorbis\LibVorbis.vcxproj" on node 2 (Build target(s)).
     1>Lib:
         C:\Program Files (x86)\Microsoft Visual Studio 14.0\VC\bin\Lib.exe /OUT:"C:\Users\agntf\Documents\Visual Studio 2015\Projects\Engine\Debug\LibVorbis.lib" /NOLOGO Debug\analysis.obj
         Debug\bitrate.obj
         Debug\block.obj
         Debug\codebook.obj
         Debug\envelope.obj
         Debug\floor0.obj
         Debug\floor1.obj
         Debug\info.obj
         Debug\lookup.obj
         Debug\lpc.obj
         Debug\lsp.obj
         Debug\mapping0.obj
         Debug\mdct.obj
         Debug\psy.obj
         Debug\registry.obj
         Debug\res0.obj
         Debug\sharedbook.obj
         Debug\smallft.obj
         Debug\synthesis.obj
         Debug\tone.obj
         Debug\vorbisenc.obj
         Debug\vorbisfile.obj
         Debug\window.obj
         LibVorbis.vcxproj -> C:\Users\agntf\Documents\Visual Studio 2015\Projects\Engine\Debug\LibVorbis.lib
     1>Done Building Project "C:\Users\agntf\Documents\Visual Studio 2015\Projects\Engine\LibVorbis\LibVorbis.vcxproj" (Build target(s)).

Build succeeded.

Time Elapsed 00:00:00.45
