c:\users\vishesh\documents\visual studio 2015\projects\engine\libvorbis\release\libvorbis.pdb
c:\users\vishesh\documents\visual studio 2015\projects\engine\libvorbis\release\vorbisfile.obj
c:\users\vishesh\documents\visual studio 2015\projects\engine\libvorbis\release\vorbisenc.obj
c:\users\vishesh\documents\visual studio 2015\projects\engine\libvorbis\release\tone.obj
c:\users\vishesh\documents\visual studio 2015\projects\engine\libvorbis\release\synthesis.obj
c:\users\vishesh\documents\visual studio 2015\projects\engine\libvorbis\release\smallft.obj
c:\users\vishesh\documents\visual studio 2015\projects\engine\libvorbis\release\res0.obj
c:\users\vishesh\documents\visual studio 2015\projects\engine\libvorbis\release\registry.obj
c:\users\vishesh\documents\visual studio 2015\projects\engine\libvorbis\release\psy.obj
c:\users\vishesh\documents\visual studio 2015\projects\engine\libvorbis\release\mdct.obj
c:\users\vishesh\documents\visual studio 2015\projects\engine\libvorbis\release\mapping0.obj
c:\users\vishesh\documents\visual studio 2015\projects\engine\libvorbis\release\lsp.obj
c:\users\vishesh\documents\visual studio 2015\projects\engine\libvorbis\release\lpc.obj
c:\users\vishesh\documents\visual studio 2015\projects\engine\libvorbis\release\lookup.obj
c:\users\vishesh\documents\visual studio 2015\projects\engine\libvorbis\release\info.obj
c:\users\vishesh\documents\visual studio 2015\projects\engine\libvorbis\release\floor1.obj
c:\users\vishesh\documents\visual studio 2015\projects\engine\libvorbis\release\floor0.obj
c:\users\vishesh\documents\visual studio 2015\projects\engine\libvorbis\release\envelope.obj
c:\users\vishesh\documents\visual studio 2015\projects\engine\libvorbis\release\block.obj
c:\users\vishesh\documents\visual studio 2015\projects\engine\libvorbis\release\bitrate.obj
c:\users\vishesh\documents\visual studio 2015\projects\engine\libvorbis\release\analysis.obj
c:\users\vishesh\documents\visual studio 2015\projects\engine\libvorbis\release\window.obj
c:\users\vishesh\documents\visual studio 2015\projects\engine\libvorbis\release\sharedbook.obj
c:\users\vishesh\documents\visual studio 2015\projects\engine\libvorbis\release\codebook.obj
c:\users\vishesh\documents\visual studio 2015\projects\engine\release\libvorbis.lib
c:\users\vishesh\documents\visual studio 2015\projects\engine\libvorbis\release\libvorbis.tlog\cl.command.1.tlog
c:\users\vishesh\documents\visual studio 2015\projects\engine\libvorbis\release\libvorbis.tlog\cl.read.1.tlog
c:\users\vishesh\documents\visual studio 2015\projects\engine\libvorbis\release\libvorbis.tlog\cl.write.1.tlog
c:\users\vishesh\documents\visual studio 2015\projects\engine\libvorbis\release\libvorbis.tlog\lib-link.read.1.tlog
c:\users\vishesh\documents\visual studio 2015\projects\engine\libvorbis\release\libvorbis.tlog\lib-link.write.1.tlog
c:\users\vishesh\documents\visual studio 2015\projects\engine\libvorbis\release\libvorbis.tlog\lib.command.1.tlog
